0 0.00199021 0.248186 0.724234 -1
1 0.00377614 0.384315 0.732912 0
2 0.00439213 0.505027 0.70704 1
3 0.0139309 0.636485 0.779588 2
4 0.0111541 0.713801 0.739396 3
5 -0.00223164 0.519148 0.449694 4
6 0.00314778 0.137883 0.709167 0
7 0.00372022 0.033297 0.711227 6
8 0.0228262 -0.136843 0.732025 7
9 0.000855693 -0.332908 0.749821 8
10 -0.00315553 -0.453055 0.742883 9
11 -2.32513e-05 -0.566881 0.719386 10
12 -0.000371167 -0.791337 0.621953 11
13 -0.148337 0.649695 0.557287 2
14 -0.125844 0.640416 0.26458 13
15 -0.13143 0.687418 0.0624946 14
16 -0.147026 0.500261 0.027912 15
17 0.145804 0.657993 0.529522 2
18 0.125217 0.649449 0.259078 17
19 0.131097 0.684407 0.0622825 18
20 0.145552 0.499773 0.0283088 19
21 0.167214 -0.0518845 0.537918 7
22 0.166743 0.0417251 0.270199 21
23 0.156015 0.0385146 0.0620803 22
24 0.175468 -0.122053 0.0282312 23
25 -0.15757 -0.0473024 0.547879 7
26 -0.162843 0.0531186 0.290375 25
27 -0.162345 0.060298 0.0670142 26
28 -0.17642 -0.121804 0.0279182 27
